2023-05-01 17:56:18 INFO  Log:9 - **********************************
2023-05-01 17:56:18 INFO  Log:10 - *****************************************
2023-05-01 17:56:18 INFO  Log:11 - ****************  This is the beginning of my test case  ******************
2023-05-01 17:56:18 INFO  Log:12 - **********************************
2023-05-01 17:56:18 INFO  Log:13 - *****************************************
2023-05-01 17:56:18 INFO  Log:23 - My test case ID executing right now
2023-05-01 17:56:18 WARN  Log:26 - My test case might have some trivial issue
2023-05-01 17:56:20 INFO  Log:23 - This test case about to get completed
2023-05-01 17:56:20 INFO  Log:16 - ##################################
2023-05-01 17:56:20 INFO  Log:17 - ##########################################
2023-05-01 17:56:20 INFO  Log:18 - ############   THis test case is finished  ################
2023-05-01 17:56:20 INFO  Log:19 - ##########################
2023-05-01 17:56:20 INFO  Log:20 - ##########################################
2023-05-01 17:56:44 INFO  Log:9 - **********************************
2023-05-01 17:56:44 INFO  Log:10 - *****************************************
2023-05-01 17:56:44 INFO  Log:11 - ****************  This is the beginning of my test case  ******************
2023-05-01 17:56:44 INFO  Log:12 - **********************************
2023-05-01 17:56:44 INFO  Log:13 - *****************************************
2023-05-01 17:56:44 INFO  Log:23 - My test case ID executing right now
2023-05-01 17:56:44 WARN  Log:26 - My test case might have some trivial issue
2023-05-01 17:56:46 INFO  Log:23 - This test case about to get completed
2023-05-01 17:56:46 INFO  Log:16 - ##################################
2023-05-01 17:56:46 INFO  Log:17 - ##########################################
2023-05-01 17:56:46 INFO  Log:18 - ############   THis test case is finished  ################
2023-05-01 17:56:46 INFO  Log:19 - ##########################
2023-05-01 17:56:46 INFO  Log:20 - ##########################################
